This file contains any messages produced by compilers while
running configure, to aid debugging if configure makes a mistake.

It was created by OpenHRIAudio configure 2.01, which was
generated by GNU Autoconf 2.68.  Invocation command line was

  $ ./configure 

## --------- ##
## Platform. ##
## --------- ##

hostname = ubuntu
uname -m = i686
uname -r = 3.2.0-68-generic-pae
uname -s = Linux
uname -v = #102-Ubuntu SMP Tue Aug 12 22:23:54 UTC 2014

/usr/bin/uname -p = unknown
/bin/uname -X     = unknown

/bin/arch              = unknown
/usr/bin/arch -k       = unknown
/usr/convex/getsysinfo = unknown
/usr/bin/hostinfo      = unknown
/bin/machine           = unknown
/usr/bin/oslevel       = unknown
/bin/universe          = unknown

PATH: /usr/lib/lightdm/lightdm
PATH: /usr/local/sbin
PATH: /usr/local/bin
PATH: /usr/sbin
PATH: /usr/bin
PATH: /sbin
PATH: /bin
PATH: /usr/games


## ----------- ##
## Core tests. ##
## ----------- ##

configure:2341: checking for a BSD-compatible install
configure:2409: result: /usr/bin/install -c
configure:2420: checking whether build environment is sane
configure:2470: result: yes
configure:2611: checking for a thread-safe mkdir -p
configure:2650: result: /bin/mkdir -p
configure:2663: checking for gawk
configure:2693: result: no
configure:2663: checking for mawk
configure:2679: found /usr/bin/mawk
configure:2690: result: mawk
configure:2701: checking whether make sets $(MAKE)
configure:2723: result: yes
configure:2798: checking how to create a ustar tar archive
configure:2811: tar --version
tar (GNU tar) 1.26
Copyright (C) 2011 Free Software Foundation, Inc.
License GPLv3+: GNU GPL version 3 or later <http://gnu.org/licenses/gpl.html>.
This is free software: you are free to change and redistribute it.
There is NO WARRANTY, to the extent permitted by law.

Written by John Gilmore and Jay Fenlason.
configure:2814: $? = 0
configure:2854: tardir=conftest.dir && eval tar --format=ustar -chf - "$tardir" >conftest.tar
configure:2857: $? = 0
configure:2861: tar -xf - <conftest.tar
configure:2864: $? = 0
configure:2877: result: gnutar
configure:2913: checking build system type
configure:2927: result: i686-pc-linux-gnu
configure:2947: checking host system type
configure:2960: result: i686-pc-linux-gnu
configure:3001: checking how to print strings
configure:3028: result: printf
configure:3061: checking for style of include used by make
configure:3089: result: GNU
configure:3160: checking for gcc
configure:3176: found /usr/bin/gcc
configure:3187: result: gcc
configure:3416: checking for C compiler version
configure:3425: gcc --version >&5
gcc (Ubuntu/Linaro 4.6.3-1ubuntu5) 4.6.3
Copyright (C) 2011 Free Software Foundation, Inc.
This is free software; see the source for copying conditions.  There is NO
warranty; not even for MERCHANTABILITY or FITNESS FOR A PARTICULAR PURPOSE.

configure:3436: $? = 0
configure:3425: gcc -v >&5
Using built-in specs.
COLLECT_GCC=gcc
COLLECT_LTO_WRAPPER=/usr/lib/gcc/i686-linux-gnu/4.6/lto-wrapper
Target: i686-linux-gnu
Configured with: ../src/configure -v --with-pkgversion='Ubuntu/Linaro 4.6.3-1ubuntu5' --with-bugurl=file:///usr/share/doc/gcc-4.6/README.Bugs --enable-languages=c,c++,fortran,objc,obj-c++ --prefix=/usr --program-suffix=-4.6 --enable-shared --enable-linker-build-id --with-system-zlib --libexecdir=/usr/lib --without-included-gettext --enable-threads=posix --with-gxx-include-dir=/usr/include/c++/4.6 --libdir=/usr/lib --enable-nls --with-sysroot=/ --enable-clocale=gnu --enable-libstdcxx-debug --enable-libstdcxx-time=yes --enable-gnu-unique-object --enable-plugin --enable-objc-gc --enable-targets=all --disable-werror --with-arch-32=i686 --with-tune=generic --enable-checking=release --build=i686-linux-gnu --host=i686-linux-gnu --target=i686-linux-gnu
Thread model: posix
gcc version 4.6.3 (Ubuntu/Linaro 4.6.3-1ubuntu5) 
configure:3436: $? = 0
configure:3425: gcc -V >&5
gcc: error: unrecognized option '-V'
gcc: fatal error: no input files
compilation terminated.
configure:3436: $? = 4
configure:3425: gcc -qversion >&5
gcc: error: unrecognized option '-qversion'
gcc: fatal error: no input files
compilation terminated.
configure:3436: $? = 4
configure:3456: checking whether the C compiler works
configure:3478: gcc    conftest.c  >&5
configure:3482: $? = 0
configure:3530: result: yes
configure:3533: checking for C compiler default output file name
configure:3535: result: a.out
configure:3541: checking for suffix of executables
configure:3548: gcc -o conftest    conftest.c  >&5
configure:3552: $? = 0
configure:3574: result: 
configure:3596: checking whether we are cross compiling
configure:3604: gcc -o conftest    conftest.c  >&5
configure:3608: $? = 0
configure:3615: ./conftest
configure:3619: $? = 0
configure:3634: result: no
configure:3639: checking for suffix of object files
configure:3661: gcc -c   conftest.c >&5
configure:3665: $? = 0
configure:3686: result: o
configure:3690: checking whether we are using the GNU C compiler
configure:3709: gcc -c   conftest.c >&5
configure:3709: $? = 0
configure:3718: result: yes
configure:3727: checking whether gcc accepts -g
configure:3747: gcc -c -g  conftest.c >&5
configure:3747: $? = 0
configure:3788: result: yes
configure:3805: checking for gcc option to accept ISO C89
configure:3869: gcc  -c -g -O2  conftest.c >&5
configure:3869: $? = 0
configure:3882: result: none needed
configure:3904: checking dependency style of gcc
configure:4015: result: gcc3
configure:4030: checking for a sed that does not truncate output
configure:4094: result: /bin/sed
configure:4112: checking for grep that handles long lines and -e
configure:4170: result: /bin/grep
configure:4175: checking for egrep
configure:4237: result: /bin/grep -E
configure:4242: checking for fgrep
configure:4304: result: /bin/grep -F
configure:4339: checking for ld used by gcc
configure:4406: result: /usr/bin/ld
configure:4413: checking if the linker (/usr/bin/ld) is GNU ld
configure:4428: result: yes
configure:4440: checking for BSD- or MS-compatible name lister (nm)
configure:4489: result: /usr/bin/nm -B
configure:4619: checking the name lister (/usr/bin/nm -B) interface
configure:4626: gcc -c -g -O2  conftest.c >&5
configure:4629: /usr/bin/nm -B "conftest.o"
configure:4632: output
00000000 B some_variable
configure:4639: result: BSD nm
configure:4642: checking whether ln -s works
configure:4646: result: yes
configure:4654: checking the maximum length of command line arguments
configure:4784: result: 1572864
configure:4801: checking whether the shell understands some XSI constructs
configure:4811: result: yes
configure:4815: checking whether the shell understands "+="
configure:4821: result: yes
configure:4856: checking how to convert i686-pc-linux-gnu file names to i686-pc-linux-gnu format
configure:4896: result: func_convert_file_noop
configure:4903: checking how to convert i686-pc-linux-gnu file names to toolchain format
configure:4923: result: func_convert_file_noop
configure:4930: checking for /usr/bin/ld option to reload object files
configure:4937: result: -r
configure:5011: checking for objdump
configure:5027: found /usr/bin/objdump
configure:5038: result: objdump
configure:5070: checking how to recognize dependent libraries
configure:5272: result: pass_all
configure:5357: checking for dlltool
configure:5387: result: no
configure:5417: checking how to associate runtime and link libraries
configure:5444: result: printf %s\n
configure:5505: checking for ar
configure:5521: found /usr/bin/ar
configure:5532: result: ar
configure:5569: checking for archiver @FILE support
configure:5586: gcc -c -g -O2  conftest.c >&5
configure:5586: $? = 0
configure:5589: ar cru libconftest.a @conftest.lst >&5
configure:5592: $? = 0
configure:5597: ar cru libconftest.a @conftest.lst >&5
ar: conftest.o: No such file or directory
configure:5600: $? = 1
configure:5612: result: @
configure:5670: checking for strip
configure:5686: found /usr/bin/strip
configure:5697: result: strip
configure:5769: checking for ranlib
configure:5785: found /usr/bin/ranlib
configure:5796: result: ranlib
configure:5898: checking command to parse /usr/bin/nm -B output from gcc object
configure:6018: gcc -c -g -O2  conftest.c >&5
configure:6021: $? = 0
configure:6025: /usr/bin/nm -B conftest.o \| sed -n -e 's/^.*[ ]\([ABCDGIRSTW][ABCDGIRSTW]*\)[ ][ ]*\([_A-Za-z][_A-Za-z0-9]*\)$/\1 \2 \2/p' | sed '/ __gnu_lto/d' \> conftest.nm
configure:6028: $? = 0
configure:6094: gcc -o conftest -g -O2   conftest.c conftstm.o >&5
configure:6097: $? = 0
configure:6135: result: ok
configure:6172: checking for sysroot
configure:6202: result: no
configure:6458: checking for mt
configure:6474: found /bin/mt
configure:6485: result: mt
configure:6508: checking if mt is a manifest tool
configure:6514: mt '-?'
configure:6522: result: no
configure:7164: checking how to run the C preprocessor
configure:7195: gcc -E  conftest.c
configure:7195: $? = 0
configure:7209: gcc -E  conftest.c
conftest.c:11:28: fatal error: ac_nonexistent.h: No such file or directory
compilation terminated.
configure:7209: $? = 1
configure: failed program was:
| /* confdefs.h */
| #define PACKAGE_NAME "OpenHRIAudio"
| #define PACKAGE_TARNAME "openhriaudio"
| #define PACKAGE_VERSION "2.01"
| #define PACKAGE_STRING "OpenHRIAudio 2.01"
| #define PACKAGE_BUGREPORT "yosuke.matsusaka@aist.go.jp"
| #define PACKAGE_URL ""
| #define PACKAGE "openhriaudio"
| #define VERSION "2.01"
| /* end confdefs.h.  */
| #include <ac_nonexistent.h>
configure:7234: result: gcc -E
configure:7254: gcc -E  conftest.c
configure:7254: $? = 0
configure:7268: gcc -E  conftest.c
conftest.c:11:28: fatal error: ac_nonexistent.h: No such file or directory
compilation terminated.
configure:7268: $? = 1
configure: failed program was:
| /* confdefs.h */
| #define PACKAGE_NAME "OpenHRIAudio"
| #define PACKAGE_TARNAME "openhriaudio"
| #define PACKAGE_VERSION "2.01"
| #define PACKAGE_STRING "OpenHRIAudio 2.01"
| #define PACKAGE_BUGREPORT "yosuke.matsusaka@aist.go.jp"
| #define PACKAGE_URL ""
| #define PACKAGE "openhriaudio"
| #define VERSION "2.01"
| /* end confdefs.h.  */
| #include <ac_nonexistent.h>
configure:7297: checking for ANSI C header files
configure:7317: gcc -c -g -O2  conftest.c >&5
configure:7317: $? = 0
configure:7390: gcc -o conftest -g -O2   conftest.c  >&5
configure:7390: $? = 0
configure:7390: ./conftest
configure:7390: $? = 0
configure:7401: result: yes
configure:7414: checking for sys/types.h
configure:7414: gcc -c -g -O2  conftest.c >&5
configure:7414: $? = 0
configure:7414: result: yes
configure:7414: checking for sys/stat.h
configure:7414: gcc -c -g -O2  conftest.c >&5
configure:7414: $? = 0
configure:7414: result: yes
configure:7414: checking for stdlib.h
configure:7414: gcc -c -g -O2  conftest.c >&5
configure:7414: $? = 0
configure:7414: result: yes
configure:7414: checking for string.h
configure:7414: gcc -c -g -O2  conftest.c >&5
configure:7414: $? = 0
configure:7414: result: yes
configure:7414: checking for memory.h
configure:7414: gcc -c -g -O2  conftest.c >&5
configure:7414: $? = 0
configure:7414: result: yes
configure:7414: checking for strings.h
configure:7414: gcc -c -g -O2  conftest.c >&5
configure:7414: $? = 0
configure:7414: result: yes
configure:7414: checking for inttypes.h
configure:7414: gcc -c -g -O2  conftest.c >&5
configure:7414: $? = 0
configure:7414: result: yes
configure:7414: checking for stdint.h
configure:7414: gcc -c -g -O2  conftest.c >&5
configure:7414: $? = 0
configure:7414: result: yes
configure:7414: checking for unistd.h
configure:7414: gcc -c -g -O2  conftest.c >&5
configure:7414: $? = 0
configure:7414: result: yes
configure:7428: checking for dlfcn.h
configure:7428: gcc -c -g -O2  conftest.c >&5
configure:7428: $? = 0
configure:7428: result: yes
configure:7634: checking for objdir
configure:7649: result: .libs
configure:7920: checking if gcc supports -fno-rtti -fno-exceptions
configure:7938: gcc -c -g -O2  -fno-rtti -fno-exceptions conftest.c >&5
cc1: warning: command line option '-fno-rtti' is valid for C++/ObjC++ but not for C [enabled by default]
configure:7942: $? = 0
configure:7955: result: no
configure:8282: checking for gcc option to produce PIC
configure:8289: result: -fPIC -DPIC
configure:8297: checking if gcc PIC flag -fPIC -DPIC works
configure:8315: gcc -c -g -O2  -fPIC -DPIC -DPIC conftest.c >&5
configure:8319: $? = 0
configure:8332: result: yes
configure:8361: checking if gcc static flag -static works
configure:8389: result: yes
configure:8404: checking if gcc supports -c -o file.o
configure:8425: gcc -c -g -O2  -o out/conftest2.o conftest.c >&5
configure:8429: $? = 0
configure:8451: result: yes
configure:8459: checking if gcc supports -c -o file.o
configure:8506: result: yes
configure:8539: checking whether the gcc linker (/usr/bin/ld) supports shared libraries
configure:9696: result: yes
configure:9733: checking whether -lc should be explicitly linked in
configure:9741: gcc -c -g -O2  conftest.c >&5
configure:9744: $? = 0
configure:9759: gcc -shared  -fPIC -DPIC conftest.o  -v -Wl,-soname -Wl,conftest -o conftest 2\>\&1 \| /bin/grep  -lc  \>/dev/null 2\>\&1
configure:9762: $? = 0
configure:9776: result: no
configure:9936: checking dynamic linker characteristics
configure:10447: gcc -o conftest -g -O2   -Wl,-rpath -Wl,/foo conftest.c  >&5
configure:10447: $? = 0
configure:10681: result: GNU/Linux ld.so
configure:10788: checking how to hardcode library paths into programs
configure:10813: result: immediate
configure:11353: checking whether stripping libraries is possible
configure:11358: result: yes
configure:11393: checking if libtool supports shared libraries
configure:11395: result: yes
configure:11398: checking whether to build shared libraries
configure:11419: result: yes
configure:11422: checking whether to build static libraries
configure:11426: result: yes
configure:11471: checking for gcc option to accept ISO C99
configure:11620: gcc  -c -g -O2  conftest.c >&5
conftest.c:73:29: error: expected ';', ',' or ')' before 'text'
conftest.c: In function 'main':
conftest.c:127:18: error: expected '=', ',', ';', 'asm' or '__attribute__' before 'newvar'
conftest.c:127:18: error: 'newvar' undeclared (first use in this function)
conftest.c:127:18: note: each undeclared identifier is reported only once for each function it appears in
conftest.c:137:3: error: 'for' loop initial declarations are only allowed in C99 mode
conftest.c:137:3: note: use option -std=c99 or -std=gnu99 to compile your code
configure:11620: $? = 1
configure: failed program was:
| /* confdefs.h */
| #define PACKAGE_NAME "OpenHRIAudio"
| #define PACKAGE_TARNAME "openhriaudio"
| #define PACKAGE_VERSION "2.01"
| #define PACKAGE_STRING "OpenHRIAudio 2.01"
| #define PACKAGE_BUGREPORT "yosuke.matsusaka@aist.go.jp"
| #define PACKAGE_URL ""
| #define PACKAGE "openhriaudio"
| #define VERSION "2.01"
| #define STDC_HEADERS 1
| #define HAVE_SYS_TYPES_H 1
| #define HAVE_SYS_STAT_H 1
| #define HAVE_STDLIB_H 1
| #define HAVE_STRING_H 1
| #define HAVE_MEMORY_H 1
| #define HAVE_STRINGS_H 1
| #define HAVE_INTTYPES_H 1
| #define HAVE_STDINT_H 1
| #define HAVE_UNISTD_H 1
| #define HAVE_DLFCN_H 1
| #define LT_OBJDIR ".libs/"
| /* end confdefs.h.  */
| #include <stdarg.h>
| #include <stdbool.h>
| #include <stdlib.h>
| #include <wchar.h>
| #include <stdio.h>
| 
| // Check varargs macros.  These examples are taken from C99 6.10.3.5.
| #define debug(...) fprintf (stderr, __VA_ARGS__)
| #define showlist(...) puts (#__VA_ARGS__)
| #define report(test,...) ((test) ? puts (#test) : printf (__VA_ARGS__))
| static void
| test_varargs_macros (void)
| {
|   int x = 1234;
|   int y = 5678;
|   debug ("Flag");
|   debug ("X = %d\n", x);
|   showlist (The first, second, and third items.);
|   report (x>y, "x is %d but y is %d", x, y);
| }
| 
| // Check long long types.
| #define BIG64 18446744073709551615ull
| #define BIG32 4294967295ul
| #define BIG_OK (BIG64 / BIG32 == 4294967297ull && BIG64 % BIG32 == 0)
| #if !BIG_OK
|   your preprocessor is broken;
| #endif
| #if BIG_OK
| #else
|   your preprocessor is broken;
| #endif
| static long long int bignum = -9223372036854775807LL;
| static unsigned long long int ubignum = BIG64;
| 
| struct incomplete_array
| {
|   int datasize;
|   double data[];
| };
| 
| struct named_init {
|   int number;
|   const wchar_t *name;
|   double average;
| };
| 
| typedef const char *ccp;
| 
| static inline int
| test_restrict (ccp restrict text)
| {
|   // See if C++-style comments work.
|   // Iterate through items via the restricted pointer.
|   // Also check for declarations in for loops.
|   for (unsigned int i = 0; *(text+i) != '\0'; ++i)
|     continue;
|   return 0;
| }
| 
| // Check varargs and va_copy.
| static void
| test_varargs (const char *format, ...)
| {
|   va_list args;
|   va_start (args, format);
|   va_list args_copy;
|   va_copy (args_copy, args);
| 
|   const char *str;
|   int number;
|   float fnumber;
| 
|   while (*format)
|     {
|       switch (*format++)
| 	{
| 	case 's': // string
| 	  str = va_arg (args_copy, const char *);
| 	  break;
| 	case 'd': // int
| 	  number = va_arg (args_copy, int);
| 	  break;
| 	case 'f': // float
| 	  fnumber = va_arg (args_copy, double);
| 	  break;
| 	default:
| 	  break;
| 	}
|     }
|   va_end (args_copy);
|   va_end (args);
| }
| 
| int
| main ()
| {
| 
|   // Check bool.
|   _Bool success = false;
| 
|   // Check restrict.
|   if (test_restrict ("String literal") == 0)
|     success = true;
|   char *restrict newvar = "Another string";
| 
|   // Check varargs.
|   test_varargs ("s, d' f .", "string", 65, 34.234);
|   test_varargs_macros ();
| 
|   // Check flexible array members.
|   struct incomplete_array *ia =
|     malloc (sizeof (struct incomplete_array) + (sizeof (double) * 10));
|   ia->datasize = 10;
|   for (int i = 0; i < ia->datasize; ++i)
|     ia->data[i] = i * 1.234;
| 
|   // Check named initializers.
|   struct named_init ni = {
|     .number = 34,
|     .name = L"Test wide string",
|     .average = 543.34343,
|   };
| 
|   ni.number = 58;
| 
|   int dynamic_array[ni.number];
|   dynamic_array[ni.number - 1] = 543;
| 
|   // work around unused variable warnings
|   return (!success || bignum == 0LL || ubignum == 0uLL || newvar[0] == 'x'
| 	  || dynamic_array[ni.number - 1] != 543);
| 
|   ;
|   return 0;
| }
configure:11620: gcc -std=gnu99 -c -g -O2  conftest.c >&5
configure:11620: $? = 0
configure:11640: result: -std=gnu99
configure:11742: checking for gcc -std=gnu99 option to accept ISO Standard C
configure:11756: result: -std=gnu99
configure:11803: checking for ranlib
configure:11830: result: ranlib
configure:11910: checking for g++
configure:11926: found /usr/bin/g++
configure:11937: result: g++
configure:11964: checking for C++ compiler version
configure:11973: g++ --version >&5
g++ (Ubuntu/Linaro 4.6.3-1ubuntu5) 4.6.3
Copyright (C) 2011 Free Software Foundation, Inc.
This is free software; see the source for copying conditions.  There is NO
warranty; not even for MERCHANTABILITY or FITNESS FOR A PARTICULAR PURPOSE.

configure:11984: $? = 0
configure:11973: g++ -v >&5
Using built-in specs.
COLLECT_GCC=g++
COLLECT_LTO_WRAPPER=/usr/lib/gcc/i686-linux-gnu/4.6/lto-wrapper
Target: i686-linux-gnu
Configured with: ../src/configure -v --with-pkgversion='Ubuntu/Linaro 4.6.3-1ubuntu5' --with-bugurl=file:///usr/share/doc/gcc-4.6/README.Bugs --enable-languages=c,c++,fortran,objc,obj-c++ --prefix=/usr --program-suffix=-4.6 --enable-shared --enable-linker-build-id --with-system-zlib --libexecdir=/usr/lib --without-included-gettext --enable-threads=posix --with-gxx-include-dir=/usr/include/c++/4.6 --libdir=/usr/lib --enable-nls --with-sysroot=/ --enable-clocale=gnu --enable-libstdcxx-debug --enable-libstdcxx-time=yes --enable-gnu-unique-object --enable-plugin --enable-objc-gc --enable-targets=all --disable-werror --with-arch-32=i686 --with-tune=generic --enable-checking=release --build=i686-linux-gnu --host=i686-linux-gnu --target=i686-linux-gnu
Thread model: posix
gcc version 4.6.3 (Ubuntu/Linaro 4.6.3-1ubuntu5) 
configure:11984: $? = 0
configure:11973: g++ -V >&5
g++: error: unrecognized option '-V'
g++: fatal error: no input files
compilation terminated.
configure:11984: $? = 4
configure:11973: g++ -qversion >&5
g++: error: unrecognized option '-qversion'
g++: fatal error: no input files
compilation terminated.
configure:11984: $? = 4
configure:11988: checking whether we are using the GNU C++ compiler
configure:12007: g++ -c   conftest.cpp >&5
configure:12007: $? = 0
configure:12016: result: yes
configure:12025: checking whether g++ accepts -g
configure:12045: g++ -c -g  conftest.cpp >&5
configure:12045: $? = 0
configure:12086: result: yes
configure:12111: checking dependency style of g++
configure:12222: result: gcc3
configure:12255: checking how to run the C++ preprocessor
configure:12282: g++ -E  conftest.cpp
configure:12282: $? = 0
configure:12296: g++ -E  conftest.cpp
conftest.cpp:23:28: fatal error: ac_nonexistent.h: No such file or directory
compilation terminated.
configure:12296: $? = 1
configure: failed program was:
| /* confdefs.h */
| #define PACKAGE_NAME "OpenHRIAudio"
| #define PACKAGE_TARNAME "openhriaudio"
| #define PACKAGE_VERSION "2.01"
| #define PACKAGE_STRING "OpenHRIAudio 2.01"
| #define PACKAGE_BUGREPORT "yosuke.matsusaka@aist.go.jp"
| #define PACKAGE_URL ""
| #define PACKAGE "openhriaudio"
| #define VERSION "2.01"
| #define STDC_HEADERS 1
| #define HAVE_SYS_TYPES_H 1
| #define HAVE_SYS_STAT_H 1
| #define HAVE_STDLIB_H 1
| #define HAVE_STRING_H 1
| #define HAVE_MEMORY_H 1
| #define HAVE_STRINGS_H 1
| #define HAVE_INTTYPES_H 1
| #define HAVE_STDINT_H 1
| #define HAVE_UNISTD_H 1
| #define HAVE_DLFCN_H 1
| #define LT_OBJDIR ".libs/"
| /* end confdefs.h.  */
| #include <ac_nonexistent.h>
configure:12321: result: g++ -E
configure:12341: g++ -E  conftest.cpp
configure:12341: $? = 0
configure:12355: g++ -E  conftest.cpp
conftest.cpp:23:28: fatal error: ac_nonexistent.h: No such file or directory
compilation terminated.
configure:12355: $? = 1
configure: failed program was:
| /* confdefs.h */
| #define PACKAGE_NAME "OpenHRIAudio"
| #define PACKAGE_TARNAME "openhriaudio"
| #define PACKAGE_VERSION "2.01"
| #define PACKAGE_STRING "OpenHRIAudio 2.01"
| #define PACKAGE_BUGREPORT "yosuke.matsusaka@aist.go.jp"
| #define PACKAGE_URL ""
| #define PACKAGE "openhriaudio"
| #define VERSION "2.01"
| #define STDC_HEADERS 1
| #define HAVE_SYS_TYPES_H 1
| #define HAVE_SYS_STAT_H 1
| #define HAVE_STDLIB_H 1
| #define HAVE_STRING_H 1
| #define HAVE_MEMORY_H 1
| #define HAVE_STRINGS_H 1
| #define HAVE_INTTYPES_H 1
| #define HAVE_STDINT_H 1
| #define HAVE_UNISTD_H 1
| #define HAVE_DLFCN_H 1
| #define LT_OBJDIR ".libs/"
| /* end confdefs.h.  */
| #include <ac_nonexistent.h>
configure:12524: checking for ld used by g++
configure:12591: result: /usr/bin/ld
configure:12598: checking if the linker (/usr/bin/ld) is GNU ld
configure:12613: result: yes
configure:12668: checking whether the g++ linker (/usr/bin/ld) supports shared libraries
configure:13673: result: yes
configure:13709: g++ -c -g -O2  conftest.cpp >&5
configure:13712: $? = 0
configure:14232: checking for g++ option to produce PIC
configure:14239: result: -fPIC -DPIC
configure:14247: checking if g++ PIC flag -fPIC -DPIC works
configure:14265: g++ -c -g -O2  -fPIC -DPIC -DPIC conftest.cpp >&5
configure:14269: $? = 0
configure:14282: result: yes
configure:14305: checking if g++ static flag -static works
configure:14333: result: yes
configure:14345: checking if g++ supports -c -o file.o
configure:14366: g++ -c -g -O2  -o out/conftest2.o conftest.cpp >&5
configure:14370: $? = 0
configure:14392: result: yes
configure:14397: checking if g++ supports -c -o file.o
configure:14444: result: yes
configure:14474: checking whether the g++ linker (/usr/bin/ld) supports shared libraries
configure:14513: result: yes
configure:14654: checking dynamic linker characteristics
configure:15333: result: GNU/Linux ld.so
configure:15386: checking how to hardcode library paths into programs
configure:15411: result: immediate
configure:15805: checking for pkg-config
configure:15823: found /usr/bin/pkg-config
configure:15835: result: /usr/bin/pkg-config
configure:15860: checking pkg-config is at least version 0.9.0
configure:15863: result: yes
configure:15875: checking for OPENRTM
configure:15882: $PKG_CONFIG --exists --print-errors "openrtm-aist >= 1.0.0"
configure:15885: $? = 0
configure:15899: $PKG_CONFIG --exists --print-errors "openrtm-aist >= 1.0.0"
configure:15902: $? = 0
configure:15960: result: yes
configure:15968: checking for PULSEAUDIO
configure:15975: $PKG_CONFIG --exists --print-errors "libpulse-simple"
configure:15978: $? = 0
configure:15992: $PKG_CONFIG --exists --print-errors "libpulse-simple"
configure:15995: $? = 0
configure:16053: result: yes
configure:16061: checking for GTKMM
configure:16068: $PKG_CONFIG --exists --print-errors "gtkmm-2.4"
configure:16071: $? = 0
configure:16085: $PKG_CONFIG --exists --print-errors "gtkmm-2.4"
configure:16088: $? = 0
configure:16146: result: yes
configure:16154: checking for Pa_OpenStream in -lportaudio
configure:16179: gcc -std=gnu99 -o conftest -g -O2   conftest.c -lportaudio   >&5
configure:16179: $? = 0
configure:16188: result: yes
configure:16199: checking for speex_preprocess_state_init in -lspeexdsp
configure:16224: gcc -std=gnu99 -o conftest -g -O2   conftest.c -lspeexdsp  -lportaudio  >&5
configure:16224: $? = 0
configure:16233: result: yes
configure:16244: checking for resample_open in -lresample
configure:16269: gcc -std=gnu99 -o conftest -g -O2   conftest.c -lresample -lm -lspeexdsp -lportaudio  >&5
configure:16269: $? = 0
configure:16278: result: yes
configure:16284: checking for Px_OpenMixer in -lportmixer
configure:16309: gcc -std=gnu99 -o conftest -g -O2   conftest.c -lportmixer  -lspeexdsp -lportaudio -lresample >&5
/usr/bin/ld: cannot find -lportmixer
collect2: ld returned 1 exit status
configure:16309: $? = 1
configure: failed program was:
| /* confdefs.h */
| #define PACKAGE_NAME "OpenHRIAudio"
| #define PACKAGE_TARNAME "openhriaudio"
| #define PACKAGE_VERSION "2.01"
| #define PACKAGE_STRING "OpenHRIAudio 2.01"
| #define PACKAGE_BUGREPORT "yosuke.matsusaka@aist.go.jp"
| #define PACKAGE_URL ""
| #define PACKAGE "openhriaudio"
| #define VERSION "2.01"
| #define STDC_HEADERS 1
| #define HAVE_SYS_TYPES_H 1
| #define HAVE_SYS_STAT_H 1
| #define HAVE_STDLIB_H 1
| #define HAVE_STRING_H 1
| #define HAVE_MEMORY_H 1
| #define HAVE_STRINGS_H 1
| #define HAVE_INTTYPES_H 1
| #define HAVE_STDINT_H 1
| #define HAVE_UNISTD_H 1
| #define HAVE_DLFCN_H 1
| #define LT_OBJDIR ".libs/"
| #define HAVE_GTKMM 1
| #define HAVE_LIBPORTAUDIO 1
| #define HAVE_LIBSPEEXDSP 1
| /* end confdefs.h.  */
| 
| /* Override any GCC internal prototype to avoid an error.
|    Use char because int might match the return type of a GCC
|    builtin and then its argument prototype would still apply.  */
| #ifdef __cplusplus
| extern "C"
| #endif
| char Px_OpenMixer ();
| int
| main ()
| {
| return Px_OpenMixer ();
|   ;
|   return 0;
| }
configure:16318: result: no
configure:16329: checking for sf_open in -lsndfile
configure:16354: gcc -std=gnu99 -o conftest -g -O2   conftest.c -lsndfile  -lspeexdsp -lportaudio -lresample >&5
configure:16354: $? = 0
configure:16363: result: yes
configure:16378: checking whether NLS is requested
configure:16387: result: yes
configure:16428: checking for msgfmt
configure: trying /usr/bin/msgfmt...
0 translated messages.
configure:16460: result: /usr/bin/msgfmt
configure:16469: checking for gmsgfmt
configure:16500: result: /usr/bin/msgfmt
configure:16551: checking for xgettext
configure: trying /usr/bin/xgettext...
/usr/bin/xgettext: warning: file `/dev/null' extension `' is unknown; will try C
configure:16583: result: /usr/bin/xgettext
configure:16629: checking for msgmerge
configure: trying /usr/bin/msgmerge...
configure:16660: result: /usr/bin/msgmerge
configure:16717: checking for ld used by GCC
configure:16781: result: /usr/bin/ld
configure:16788: checking if the linker (/usr/bin/ld) is GNU ld
configure:16801: result: yes
configure:16808: checking for shared library run path origin
configure:16821: result: done
configure:17393: checking for CFPreferencesCopyAppValue
configure:17411: gcc -std=gnu99 -o conftest -g -O2   conftest.c -lsndfile -lspeexdsp -lportaudio -lresample -Wl,-framework -Wl,CoreFoundation >&5
conftest.c:27:42: fatal error: CoreFoundation/CFPreferences.h: No such file or directory
compilation terminated.
configure:17411: $? = 1
configure: failed program was:
| /* confdefs.h */
| #define PACKAGE_NAME "OpenHRIAudio"
| #define PACKAGE_TARNAME "openhriaudio"
| #define PACKAGE_VERSION "2.01"
| #define PACKAGE_STRING "OpenHRIAudio 2.01"
| #define PACKAGE_BUGREPORT "yosuke.matsusaka@aist.go.jp"
| #define PACKAGE_URL ""
| #define PACKAGE "openhriaudio"
| #define VERSION "2.01"
| #define STDC_HEADERS 1
| #define HAVE_SYS_TYPES_H 1
| #define HAVE_SYS_STAT_H 1
| #define HAVE_STDLIB_H 1
| #define HAVE_STRING_H 1
| #define HAVE_MEMORY_H 1
| #define HAVE_STRINGS_H 1
| #define HAVE_INTTYPES_H 1
| #define HAVE_STDINT_H 1
| #define HAVE_UNISTD_H 1
| #define HAVE_DLFCN_H 1
| #define LT_OBJDIR ".libs/"
| #define HAVE_GTKMM 1
| #define HAVE_LIBPORTAUDIO 1
| #define HAVE_LIBSPEEXDSP 1
| #define HAVE_LIBSNDFILE 1
| /* end confdefs.h.  */
| #include <CoreFoundation/CFPreferences.h>
| int
| main ()
| {
| CFPreferencesCopyAppValue(NULL, NULL)
|   ;
|   return 0;
| }
configure:17420: result: no
configure:17427: checking for CFLocaleCopyCurrent
configure:17445: gcc -std=gnu99 -o conftest -g -O2   conftest.c -lsndfile -lspeexdsp -lportaudio -lresample -Wl,-framework -Wl,CoreFoundation >&5
conftest.c:27:37: fatal error: CoreFoundation/CFLocale.h: No such file or directory
compilation terminated.
configure:17445: $? = 1
configure: failed program was:
| /* confdefs.h */
| #define PACKAGE_NAME "OpenHRIAudio"
| #define PACKAGE_TARNAME "openhriaudio"
| #define PACKAGE_VERSION "2.01"
| #define PACKAGE_STRING "OpenHRIAudio 2.01"
| #define PACKAGE_BUGREPORT "yosuke.matsusaka@aist.go.jp"
| #define PACKAGE_URL ""
| #define PACKAGE "openhriaudio"
| #define VERSION "2.01"
| #define STDC_HEADERS 1
| #define HAVE_SYS_TYPES_H 1
| #define HAVE_SYS_STAT_H 1
| #define HAVE_STDLIB_H 1
| #define HAVE_STRING_H 1
| #define HAVE_MEMORY_H 1
| #define HAVE_STRINGS_H 1
| #define HAVE_INTTYPES_H 1
| #define HAVE_STDINT_H 1
| #define HAVE_UNISTD_H 1
| #define HAVE_DLFCN_H 1
| #define LT_OBJDIR ".libs/"
| #define HAVE_GTKMM 1
| #define HAVE_LIBPORTAUDIO 1
| #define HAVE_LIBSPEEXDSP 1
| #define HAVE_LIBSNDFILE 1
| /* end confdefs.h.  */
| #include <CoreFoundation/CFLocale.h>
| int
| main ()
| {
| CFLocaleCopyCurrent();
|   ;
|   return 0;
| }
configure:17454: result: no
configure:17503: checking for GNU gettext in libc
configure:17523: gcc -std=gnu99 -o conftest -g -O2   conftest.c -lsndfile -lspeexdsp -lportaudio -lresample >&5
configure:17523: $? = 0
configure:17532: result: yes
configure:18323: checking whether to use NLS
configure:18325: result: yes
configure:18328: checking where the gettext function comes from
configure:18339: result: libc
configure:18532: checking whether to build NSIS installer
configure:18534: result: no
configure:18795: creating ./config.status

## ---------------------- ##
## Running config.status. ##
## ---------------------- ##

This file was extended by OpenHRIAudio config.status 2.01, which was
generated by GNU Autoconf 2.68.  Invocation command line was

  CONFIG_FILES    = 
  CONFIG_HEADERS  = 
  CONFIG_LINKS    = 
  CONFIG_COMMANDS = 
  $ ./config.status 

on ubuntu

config.status:1220: creating Makefile
config.status:1220: creating po/Makefile.in
config.status:1220: creating m4/Makefile
config.status:1220: creating src/Makefile
config.status:1220: creating pkg/Makefile
config.status:1220: creating pkg/nsis/Makefile
config.status:1220: creating src/thirdparty/Makefile
config.status:1220: creating src/thirdparty/webrtc/Makefile
config.status:1220: creating src/thirdparty/webrtc/common_audio/Makefile
config.status:1220: creating src/config.h
config.status:1449: executing depfiles commands
config.status:1449: executing libtool commands
config.status:1449: executing po-directories commands

## ---------------- ##
## Cache variables. ##
## ---------------- ##

ac_cv_build=i686-pc-linux-gnu
ac_cv_c_compiler_gnu=yes
ac_cv_cxx_compiler_gnu=yes
ac_cv_env_CCC_set=
ac_cv_env_CCC_value=
ac_cv_env_CC_set=
ac_cv_env_CC_value=
ac_cv_env_CFLAGS_set=
ac_cv_env_CFLAGS_value=
ac_cv_env_CPPFLAGS_set=
ac_cv_env_CPPFLAGS_value=
ac_cv_env_CPP_set=
ac_cv_env_CPP_value=
ac_cv_env_CXXCPP_set=
ac_cv_env_CXXCPP_value=
ac_cv_env_CXXFLAGS_set=
ac_cv_env_CXXFLAGS_value=
ac_cv_env_CXX_set=
ac_cv_env_CXX_value=
ac_cv_env_GTKMM_CFLAGS_set=
ac_cv_env_GTKMM_CFLAGS_value=
ac_cv_env_GTKMM_LIBS_set=
ac_cv_env_GTKMM_LIBS_value=
ac_cv_env_LDFLAGS_set=
ac_cv_env_LDFLAGS_value=
ac_cv_env_LIBS_set=
ac_cv_env_LIBS_value=
ac_cv_env_OPENRTM_CFLAGS_set=
ac_cv_env_OPENRTM_CFLAGS_value=
ac_cv_env_OPENRTM_LIBS_set=
ac_cv_env_OPENRTM_LIBS_value=
ac_cv_env_PKG_CONFIG_LIBDIR_set=
ac_cv_env_PKG_CONFIG_LIBDIR_value=
ac_cv_env_PKG_CONFIG_PATH_set=
ac_cv_env_PKG_CONFIG_PATH_value=
ac_cv_env_PKG_CONFIG_set=
ac_cv_env_PKG_CONFIG_value=
ac_cv_env_PULSEAUDIO_CFLAGS_set=
ac_cv_env_PULSEAUDIO_CFLAGS_value=
ac_cv_env_PULSEAUDIO_LIBS_set=
ac_cv_env_PULSEAUDIO_LIBS_value=
ac_cv_env_build_alias_set=
ac_cv_env_build_alias_value=
ac_cv_env_host_alias_set=
ac_cv_env_host_alias_value=
ac_cv_env_target_alias_set=
ac_cv_env_target_alias_value=
ac_cv_header_dlfcn_h=yes
ac_cv_header_inttypes_h=yes
ac_cv_header_memory_h=yes
ac_cv_header_stdc=yes
ac_cv_header_stdint_h=yes
ac_cv_header_stdlib_h=yes
ac_cv_header_string_h=yes
ac_cv_header_strings_h=yes
ac_cv_header_sys_stat_h=yes
ac_cv_header_sys_types_h=yes
ac_cv_header_unistd_h=yes
ac_cv_host=i686-pc-linux-gnu
ac_cv_lib_portaudio_Pa_OpenStream=yes
ac_cv_lib_portmixer_Px_OpenMixer=no
ac_cv_lib_resample_resample_open=yes
ac_cv_lib_sndfile_sf_open=yes
ac_cv_lib_speexdsp_speex_preprocess_state_init=yes
ac_cv_objext=o
ac_cv_path_EGREP='/bin/grep -E'
ac_cv_path_FGREP='/bin/grep -F'
ac_cv_path_GMSGFMT=/usr/bin/msgfmt
ac_cv_path_GREP=/bin/grep
ac_cv_path_MSGFMT=/usr/bin/msgfmt
ac_cv_path_MSGMERGE=/usr/bin/msgmerge
ac_cv_path_SED=/bin/sed
ac_cv_path_XGETTEXT=/usr/bin/xgettext
ac_cv_path_ac_pt_PKG_CONFIG=/usr/bin/pkg-config
ac_cv_path_install='/usr/bin/install -c'
ac_cv_path_mkdir=/bin/mkdir
ac_cv_prog_AWK=mawk
ac_cv_prog_CPP='gcc -E'
ac_cv_prog_CXXCPP='g++ -E'
ac_cv_prog_ac_ct_AR=ar
ac_cv_prog_ac_ct_CC=gcc
ac_cv_prog_ac_ct_CXX=g++
ac_cv_prog_ac_ct_MANIFEST_TOOL=mt
ac_cv_prog_ac_ct_OBJDUMP=objdump
ac_cv_prog_ac_ct_RANLIB=ranlib
ac_cv_prog_ac_ct_STRIP=strip
ac_cv_prog_cc_c89=
ac_cv_prog_cc_c99=-std=gnu99
ac_cv_prog_cc_g=yes
ac_cv_prog_cc_stdc=-std=gnu99
ac_cv_prog_cxx_g=yes
ac_cv_prog_make_make_set=yes
acl_cv_hardcode_direct=no
acl_cv_hardcode_libdir_flag_spec='${wl}-rpath ${wl}$libdir'
acl_cv_hardcode_libdir_separator=
acl_cv_hardcode_minus_L=no
acl_cv_libext=a
acl_cv_libname_spec='lib$name'
acl_cv_library_names_spec='$libname$shrext'
acl_cv_path_LD=/usr/bin/ld
acl_cv_prog_gnu_ld=yes
acl_cv_rpath=done
acl_cv_shlibext=so
acl_cv_wl=-Wl,
am_cv_CC_dependencies_compiler_type=gcc3
am_cv_CXX_dependencies_compiler_type=gcc3
am_cv_prog_tar_ustar=gnutar
gt_cv_func_CFLocaleCopyCurrent=no
gt_cv_func_CFPreferencesCopyAppValue=no
gt_cv_func_gnugettext1_libc=yes
lt_cv_ar_at_file=@
lt_cv_archive_cmds_need_lc=no
lt_cv_deplibs_check_method=pass_all
lt_cv_file_magic_cmd='$MAGIC_CMD'
lt_cv_file_magic_test_file=
lt_cv_ld_reload_flag=-r
lt_cv_nm_interface='BSD nm'
lt_cv_objdir=.libs
lt_cv_path_LD=/usr/bin/ld
lt_cv_path_LDCXX=/usr/bin/ld
lt_cv_path_NM='/usr/bin/nm -B'
lt_cv_path_mainfest_tool=no
lt_cv_prog_compiler_c_o=yes
lt_cv_prog_compiler_c_o_CXX=yes
lt_cv_prog_compiler_pic='-fPIC -DPIC'
lt_cv_prog_compiler_pic_CXX='-fPIC -DPIC'
lt_cv_prog_compiler_pic_works=yes
lt_cv_prog_compiler_pic_works_CXX=yes
lt_cv_prog_compiler_rtti_exceptions=no
lt_cv_prog_compiler_static_works=yes
lt_cv_prog_compiler_static_works_CXX=yes
lt_cv_prog_gnu_ld=yes
lt_cv_prog_gnu_ldcxx=yes
lt_cv_sharedlib_from_linklib_cmd='printf %s\n'
lt_cv_shlibpath_overrides_runpath=no
lt_cv_sys_global_symbol_pipe='sed -n -e '\''s/^.*[	 ]\([ABCDGIRSTW][ABCDGIRSTW]*\)[	 ][	 ]*\([_A-Za-z][_A-Za-z0-9]*\)$/\1 \2 \2/p'\'' | sed '\''/ __gnu_lto/d'\'''
lt_cv_sys_global_symbol_to_c_name_address='sed -n -e '\''s/^: \([^ ]*\)[ ]*$/  {\"\1\", (void *) 0},/p'\'' -e '\''s/^[ABCDGIRSTW]* \([^ ]*\) \([^ ]*\)$/  {"\2", (void *) \&\2},/p'\'''
lt_cv_sys_global_symbol_to_c_name_address_lib_prefix='sed -n -e '\''s/^: \([^ ]*\)[ ]*$/  {\"\1\", (void *) 0},/p'\'' -e '\''s/^[ABCDGIRSTW]* \([^ ]*\) \(lib[^ ]*\)$/  {"\2", (void *) \&\2},/p'\'' -e '\''s/^[ABCDGIRSTW]* \([^ ]*\) \([^ ]*\)$/  {"lib\2", (void *) \&\2},/p'\'''
lt_cv_sys_global_symbol_to_cdecl='sed -n -e '\''s/^T .* \(.*\)$/extern int \1();/p'\'' -e '\''s/^[ABCDGIRSTW]* .* \(.*\)$/extern char \1;/p'\'''
lt_cv_sys_max_cmd_len=1572864
lt_cv_to_host_file_cmd=func_convert_file_noop
lt_cv_to_tool_file_cmd=func_convert_file_noop
pkg_cv_GTKMM_CFLAGS='-pthread -I/usr/include/gtkmm-2.4 -I/usr/lib/i386-linux-gnu/gtkmm-2.4/include -I/usr/include/atkmm-1.6 -I/usr/include/giomm-2.4 -I/usr/lib/i386-linux-gnu/giomm-2.4/include -I/usr/include/pangomm-1.4 -I/usr/lib/i386-linux-gnu/pangomm-1.4/include -I/usr/include/gtk-2.0 -I/usr/include/gtk-unix-print-2.0 -I/usr/include/gdkmm-2.4 -I/usr/lib/i386-linux-gnu/gdkmm-2.4/include -I/usr/include/atk-1.0 -I/usr/include/glibmm-2.4 -I/usr/lib/i386-linux-gnu/glibmm-2.4/include -I/usr/include/glib-2.0 -I/usr/lib/i386-linux-gnu/glib-2.0/include -I/usr/include/sigc++-2.0 -I/usr/lib/i386-linux-gnu/sigc++-2.0/include -I/usr/include/cairomm-1.0 -I/usr/lib/i386-linux-gnu/cairomm-1.0/include -I/usr/include/pango-1.0 -I/usr/include/cairo -I/usr/include/pixman-1 -I/usr/include/freetype2 -I/usr/include/libpng12 -I/usr/lib/i386-linux-gnu/gtk-2.0/include -I/usr/include/gdk-pixbuf-2.0 -I/usr/include/gio-unix-2.0/  '
pkg_cv_GTKMM_LIBS='-lgtkmm-2.4 -latkmm-1.6 -lgdkmm-2.4 -lgiomm-2.4 -lpangomm-1.4 -lgtk-x11-2.0 -lglibmm-2.4 -lcairomm-1.0 -lsigc-2.0 -lgdk-x11-2.0 -latk-1.0 -lgio-2.0 -lpangoft2-1.0 -lpangocairo-1.0 -lgdk_pixbuf-2.0 -lcairo -lpango-1.0 -lfreetype -lfontconfig -lgobject-2.0 -lglib-2.0  '
pkg_cv_OPENRTM_CFLAGS='-Wall -fPIC -fstack-protector --param=ssp-buffer-size=4 -Wformat -Wformat-security -O2 -I/usr/include/coil-1.1 -I/usr/include/openrtm-1.1 -I/usr/include/openrtm-1.1/rtm/idl  '
pkg_cv_OPENRTM_LIBS='-export-dynamic -Wl,-z,defs -luuid -ldl -lpthread -lomniORB4 -lomnithread -lomniDynamic4 -lRTC -lcoil  '
pkg_cv_PULSEAUDIO_CFLAGS='-D_REENTRANT  '
pkg_cv_PULSEAUDIO_LIBS='-lpulse-simple -lpulse  '

## ----------------- ##
## Output variables. ##
## ----------------- ##

ACLOCAL='${SHELL} /home/trunone/OpenHRIAudio/missing --run aclocal-1.11'
AMDEPBACKSLASH='\'
AMDEP_FALSE='#'
AMDEP_TRUE=''
AMTAR='$${TAR-tar}'
AR='ar'
AS='as'
AUTOCONF='${SHELL} /home/trunone/OpenHRIAudio/missing --run autoconf'
AUTOHEADER='${SHELL} /home/trunone/OpenHRIAudio/missing --run autoheader'
AUTOMAKE='${SHELL} /home/trunone/OpenHRIAudio/missing --run automake-1.11'
AWK='mawk'
CC='gcc -std=gnu99'
CCDEPMODE='depmode=gcc3'
CFLAGS='-g -O2'
CPP='gcc -E'
CPPFLAGS=''
CXX='g++'
CXXCPP='g++ -E'
CXXDEPMODE='depmode=gcc3'
CXXFLAGS='-g -O2'
CYGPATH_W='echo'
DEFS='-DHAVE_CONFIG_H'
DEPDIR='.deps'
DLLTOOL='false'
DSYMUTIL=''
DUMPBIN=''
ECHO_C=''
ECHO_N='-n'
ECHO_T=''
EGREP='/bin/grep -E'
EXEEXT=''
FFT_PKGCONFIG='smallft'
FGREP='/bin/grep -F'
GETTEXT_MACRO_VERSION='0.18'
GMSGFMT='/usr/bin/msgfmt'
GMSGFMT_015='/usr/bin/msgfmt'
GREP='/bin/grep'
GTKMM_CFLAGS='-pthread -I/usr/include/gtkmm-2.4 -I/usr/lib/i386-linux-gnu/gtkmm-2.4/include -I/usr/include/atkmm-1.6 -I/usr/include/giomm-2.4 -I/usr/lib/i386-linux-gnu/giomm-2.4/include -I/usr/include/pangomm-1.4 -I/usr/lib/i386-linux-gnu/pangomm-1.4/include -I/usr/include/gtk-2.0 -I/usr/include/gtk-unix-print-2.0 -I/usr/include/gdkmm-2.4 -I/usr/lib/i386-linux-gnu/gdkmm-2.4/include -I/usr/include/atk-1.0 -I/usr/include/glibmm-2.4 -I/usr/lib/i386-linux-gnu/glibmm-2.4/include -I/usr/include/glib-2.0 -I/usr/lib/i386-linux-gnu/glib-2.0/include -I/usr/include/sigc++-2.0 -I/usr/lib/i386-linux-gnu/sigc++-2.0/include -I/usr/include/cairomm-1.0 -I/usr/lib/i386-linux-gnu/cairomm-1.0/include -I/usr/include/pango-1.0 -I/usr/include/cairo -I/usr/include/pixman-1 -I/usr/include/freetype2 -I/usr/include/libpng12 -I/usr/lib/i386-linux-gnu/gtk-2.0/include -I/usr/include/gdk-pixbuf-2.0 -I/usr/include/gio-unix-2.0/  '
GTKMM_LIBS='-lgtkmm-2.4 -latkmm-1.6 -lgdkmm-2.4 -lgiomm-2.4 -lpangomm-1.4 -lgtk-x11-2.0 -lglibmm-2.4 -lcairomm-1.0 -lsigc-2.0 -lgdk-x11-2.0 -latk-1.0 -lgio-2.0 -lpangoft2-1.0 -lpangocairo-1.0 -lgdk_pixbuf-2.0 -lcairo -lpango-1.0 -lfreetype -lfontconfig -lgobject-2.0 -lglib-2.0  '
INSTALLER_FALSE=''
INSTALLER_TRUE='#'
INSTALL_DATA='${INSTALL} -m 644'
INSTALL_PROGRAM='${INSTALL}'
INSTALL_SCRIPT='${INSTALL}'
INSTALL_STRIP_PROGRAM='$(install_sh) -c -s'
INTLLIBS=''
INTL_MACOSX_LIBS=''
LD='/usr/bin/ld'
LDFLAGS='-rdynamic '
LIBICONV='-liconv'
LIBINTL=''
LIBOBJS=''
LIBS='-lsndfile -lspeexdsp -lportaudio -lresample'
LIBTOOL='$(SHELL) $(top_builddir)/libtool'
LIPO=''
LN_S='ln -s'
LTLIBICONV='-liconv'
LTLIBINTL=''
LTLIBOBJS=''
MAKEINFO='${SHELL} /home/trunone/OpenHRIAudio/missing --run makeinfo'
MAKENSIS=''
MANIFEST_TOOL=':'
MINGW32_FALSE=''
MINGW32_TRUE='#'
MKDIR_P='/bin/mkdir -p'
MSGFMT='/usr/bin/msgfmt'
MSGFMT_015='/usr/bin/msgfmt'
MSGMERGE='/usr/bin/msgmerge'
NM='/usr/bin/nm -B'
NMEDIT=''
OBJDUMP='objdump'
OBJEXT='o'
OPENRTM_CFLAGS='-Wall -fPIC -fstack-protector --param=ssp-buffer-size=4 -Wformat -Wformat-security -O2 -I/usr/include/coil-1.1 -I/usr/include/openrtm-1.1 -I/usr/include/openrtm-1.1/rtm/idl  '
OPENRTM_LIBS='-export-dynamic -Wl,-z,defs -luuid -ldl -lpthread -lomniORB4 -lomnithread -lomniDynamic4 -lRTC -lcoil  '
OTOOL64=''
OTOOL=''
PACKAGE='openhriaudio'
PACKAGE_BUGREPORT='yosuke.matsusaka@aist.go.jp'
PACKAGE_NAME='OpenHRIAudio'
PACKAGE_STRING='OpenHRIAudio 2.01'
PACKAGE_TARNAME='openhriaudio'
PACKAGE_URL=''
PACKAGE_VERSION='2.01'
PATH_SEPARATOR=':'
PKG_CONFIG='/usr/bin/pkg-config'
PKG_CONFIG_LIBDIR=''
PKG_CONFIG_PATH=''
POSUB='po'
PULSEAUDIO_CFLAGS='-D_REENTRANT  '
PULSEAUDIO_LIBS='-lpulse-simple -lpulse  '
RANLIB='ranlib'
SED='/bin/sed'
SET_MAKE=''
SHELL='/bin/bash'
STRIP='strip'
USE_NLS='yes'
VERSION='2.01'
WIN32_LIBS=''
WINDRES=''
XGETTEXT='/usr/bin/xgettext'
XGETTEXT_015='/usr/bin/xgettext'
XGETTEXT_EXTRA_OPTIONS=''
ac_ct_AR='ar'
ac_ct_CC='gcc'
ac_ct_CXX='g++'
ac_ct_DUMPBIN=''
am__EXEEXT_FALSE=''
am__EXEEXT_TRUE='#'
am__fastdepCC_FALSE='#'
am__fastdepCC_TRUE=''
am__fastdepCXX_FALSE='#'
am__fastdepCXX_TRUE=''
am__include='include'
am__isrc=''
am__leading_dot='.'
am__nodep='_no'
am__quote=''
am__tar='tar --format=ustar -chf - "$$tardir"'
am__untar='tar -xf -'
bindir='${exec_prefix}/bin'
build='i686-pc-linux-gnu'
build_alias=''
build_cpu='i686'
build_os='linux-gnu'
build_vendor='pc'
datadir='${datarootdir}'
datarootdir='${prefix}/share'
docdir='${datarootdir}/doc/${PACKAGE_TARNAME}'
dvidir='${docdir}'
exec_prefix='${prefix}'
host='i686-pc-linux-gnu'
host_alias=''
host_cpu='i686'
host_os='linux-gnu'
host_vendor='pc'
htmldir='${docdir}'
includedir='${prefix}/include'
infodir='${datarootdir}/info'
install_sh='${SHELL} /home/trunone/OpenHRIAudio/install-sh'
libdir='${exec_prefix}/lib'
libexecdir='${exec_prefix}/libexec'
localedir='${datarootdir}/locale'
localstatedir='${prefix}/var'
mandir='${datarootdir}/man'
mkdir_p='/bin/mkdir -p'
oldincludedir='/usr/include'
pdfdir='${docdir}'
prefix='/usr/local'
program_transform_name='s,x,x,'
psdir='${docdir}'
sbindir='${exec_prefix}/sbin'
sharedstatedir='${prefix}/com'
sysconfdir='${prefix}/etc'
target_alias=''

## ----------- ##
## confdefs.h. ##
## ----------- ##

/* confdefs.h */
#define PACKAGE_NAME "OpenHRIAudio"
#define PACKAGE_TARNAME "openhriaudio"
#define PACKAGE_VERSION "2.01"
#define PACKAGE_STRING "OpenHRIAudio 2.01"
#define PACKAGE_BUGREPORT "yosuke.matsusaka@aist.go.jp"
#define PACKAGE_URL ""
#define PACKAGE "openhriaudio"
#define VERSION "2.01"
#define STDC_HEADERS 1
#define HAVE_SYS_TYPES_H 1
#define HAVE_SYS_STAT_H 1
#define HAVE_STDLIB_H 1
#define HAVE_STRING_H 1
#define HAVE_MEMORY_H 1
#define HAVE_STRINGS_H 1
#define HAVE_INTTYPES_H 1
#define HAVE_STDINT_H 1
#define HAVE_UNISTD_H 1
#define HAVE_DLFCN_H 1
#define LT_OBJDIR ".libs/"
#define HAVE_GTKMM 1
#define HAVE_LIBPORTAUDIO 1
#define HAVE_LIBSPEEXDSP 1
#define HAVE_LIBSNDFILE 1
#define ENABLE_NLS 1
#define HAVE_GETTEXT 1
#define HAVE_DCGETTEXT 1
#define FLOATING_POINT /**/
#define USE_SMALLFT /**/

configure: exit 0
